{"meta": {"format": 3, "version": "7.10.4", "timestamp": "2025-08-26T06:48:13.520356", "branch_coverage": false, "show_contexts": false}, "files": {"src\\auto_scrape\\__init__.py": {"executed_lines": [1, 3, 4, 5, 7, 8, 9, 11], "summary": {"covered_lines": 7, "num_statements": 7, "percent_covered": 100.0, "percent_covered_display": "100", "missing_lines": 0, "excluded_lines": 0}, "missing_lines": [], "excluded_lines": [], "functions": {"": {"executed_lines": [1, 3, 4, 5, 7, 8, 9, 11], "summary": {"covered_lines": 7, "num_statements": 7, "percent_covered": 100.0, "percent_covered_display": "100", "missing_lines": 0, "excluded_lines": 0}, "missing_lines": [], "excluded_lines": []}}, "classes": {"": {"executed_lines": [1, 3, 4, 5, 7, 8, 9, 11], "summary": {"covered_lines": 7, "num_statements": 7, "percent_covered": 100.0, "percent_covered_display": "100", "missing_lines": 0, "excluded_lines": 0}, "missing_lines": [], "excluded_lines": []}}}, "src\\auto_scrape\\core\\__init__.py": {"executed_lines": [1, 3, 4, 6], "summary": {"covered_lines": 3, "num_statements": 3, "percent_covered": 100.0, "percent_covered_display": "100", "missing_lines": 0, "excluded_lines": 0}, "missing_lines": [], "excluded_lines": [], "functions": {"": {"executed_lines": [1, 3, 4, 6], "summary": {"covered_lines": 3, "num_statements": 3, "percent_covered": 100.0, "percent_covered_display": "100", "missing_lines": 0, "excluded_lines": 0}, "missing_lines": [], "excluded_lines": []}}, "classes": {"": {"executed_lines": [1, 3, 4, 6], "summary": {"covered_lines": 3, "num_statements": 3, "percent_covered": 100.0, "percent_covered_display": "100", "missing_lines": 0, "excluded_lines": 0}, "missing_lines": [], "excluded_lines": []}}}, "src\\auto_scrape\\core\\browser.py": {"executed_lines": [1, 3, 4, 5, 6, 7, 8, 9, 11, 19, 21, 24, 25, 27, 33, 34, 35, 36, 37, 45, 47, 48, 49, 52, 58, 68, 69, 75, 81, 83, 84, 87, 88, 89, 90, 94, 97, 98, 99, 102, 103, 104, 106, 111, 112, 121, 124, 125, 127, 129, 130, 132, 133, 136, 138, 139, 141, 142, 143, 145, 146, 147, 148, 152, 162, 174, 178, 181, 184, 185, 187, 194, 196, 227, 232, 237, 255, 261, 283, 292, 293, 295, 297, 303, 307, 309, 315, 328, 335, 337, 340, 341, 347, 348, 350, 359, 367, 369, 370, 373, 380, 381, 383, 385, 386, 387], "summary": {"covered_lines": 104, "num_statements": 137, "percent_covered": 75.91240875912409, "percent_covered_display": "76", "missing_lines": 33, "excluded_lines": 0}, "missing_lines": [59, 60, 61, 65, 70, 71, 73, 77, 78, 79, 91, 92, 108, 109, 122, 149, 150, 175, 182, 234, 235, 244, 245, 248, 249, 253, 304, 352, 353, 354, 355, 356, 357], "excluded_lines": [], "functions": {"BrowserManager.__init__": {"executed_lines": [33, 34, 35, 36, 37], "summary": {"covered_lines": 5, "num_statements": 5, "percent_covered": 100.0, "percent_covered_display": "100", "missing_lines": 0, "excluded_lines": 0}, "missing_lines": [], "excluded_lines": []}, "BrowserManager.start": {"executed_lines": [47, 48, 49, 52, 58, 68, 69, 75], "summary": {"covered_lines": 8, "num_statements": 18, "percent_covered": 44.44444444444444, "percent_covered_display": "44", "missing_lines": 10, "excluded_lines": 0}, "missing_lines": [59, 60, 61, 65, 70, 71, 73, 77, 78, 79], "excluded_lines": []}, "BrowserManager.stop": {"executed_lines": [83, 84, 87, 88, 89, 90, 94, 97, 98, 99, 102, 103, 104, 106], "summary": {"covered_lines": 14, "num_statements": 18, "percent_covered": 77.77777777777777, "percent_covered_display": "78", "missing_lines": 4, "excluded_lines": 0}, "missing_lines": [91, 92, 108, 109], "excluded_lines": []}, "BrowserManager.get_page": {"executed_lines": [121, 124, 125, 127, 129, 130, 132, 133, 136, 138, 139, 141, 142, 143, 145, 146, 147, 148], "summary": {"covered_lines": 18, "num_statements": 21, "percent_covered": 85.71428571428571, "percent_covered_display": "86", "missing_lines": 3, "excluded_lines": 0}, "missing_lines": [122, 149, 150], "excluded_lines": []}, "BrowserManager._create_context": {"executed_lines": [162, 174, 178, 181, 184, 185], "summary": {"covered_lines": 6, "num_statements": 8, "percent_covered": 75.0, "percent_covered_display": "75", "missing_lines": 2, "excluded_lines": 0}, "missing_lines": [175, 182], "excluded_lines": []}, "BrowserManager._apply_anti_detection": {"executed_lines": [194, 196, 227, 232], "summary": {"covered_lines": 4, "num_statements": 6, "percent_covered": 66.66666666666667, "percent_covered_display": "67", "missing_lines": 2, "excluded_lines": 0}, "missing_lines": [234, 235], "excluded_lines": []}, "BrowserManager._setup_authentication": {"executed_lines": [], "summary": {"covered_lines": 0, "num_statements": 5, "percent_covered": 0.0, "percent_covered_display": "0", "missing_lines": 5, "excluded_lines": 0}, "missing_lines": [244, 245, 248, 249, 253], "excluded_lines": []}, "BrowserManager._get_browser_args": {"executed_lines": [261, 283, 292, 293, 295], "summary": {"covered_lines": 5, "num_statements": 5, "percent_covered": 100.0, "percent_covered_display": "100", "missing_lines": 0, "excluded_lines": 0}, "missing_lines": [], "excluded_lines": []}, "BrowserManager._get_user_agent": {"executed_lines": [303, 307], "summary": {"covered_lines": 2, "num_statements": 3, "percent_covered": 66.66666666666667, "percent_covered_display": "67", "missing_lines": 1, "excluded_lines": 0}, "missing_lines": [304], "excluded_lines": []}, "BrowserManager._get_default_headers": {"executed_lines": [315], "summary": {"covered_lines": 1, "num_statements": 1, "percent_covered": 100.0, "percent_covered_display": "100", "missing_lines": 0, "excluded_lines": 0}, "missing_lines": [], "excluded_lines": []}, "BrowserManager.wait_for_load": {"executed_lines": [335, 337, 340, 341, 347, 348, 350], "summary": {"covered_lines": 7, "num_statements": 13, "percent_covered": 53.84615384615385, "percent_covered_display": "54", "missing_lines": 6, "excluded_lines": 0}, "missing_lines": [352, 353, 354, 355, 356, 357], "excluded_lines": []}, "BrowserManager.navigate_to_url": {"executed_lines": [367, 369, 370, 373, 380, 381, 383, 385, 386, 387], "summary": {"covered_lines": 10, "num_statements": 10, "percent_covered": 100.0, "percent_covered_display": "100", "missing_lines": 0, "excluded_lines": 0}, "missing_lines": [], "excluded_lines": []}, "": {"executed_lines": [1, 3, 4, 5, 6, 7, 8, 9, 11, 19, 21, 24, 25, 27, 45, 81, 111, 112, 152, 187, 237, 255, 297, 309, 328, 359], "summary": {"covered_lines": 24, "num_statements": 24, "percent_covered": 100.0, "percent_covered_display": "100", "missing_lines": 0, "excluded_lines": 0}, "missing_lines": [], "excluded_lines": []}}, "classes": {"BrowserManager": {"executed_lines": [33, 34, 35, 36, 37, 47, 48, 49, 52, 58, 68, 69, 75, 83, 84, 87, 88, 89, 90, 94, 97, 98, 99, 102, 103, 104, 106, 121, 124, 125, 127, 129, 130, 132, 133, 136, 138, 139, 141, 142, 143, 145, 146, 147, 148, 162, 174, 178, 181, 184, 185, 194, 196, 227, 232, 261, 283, 292, 293, 295, 303, 307, 315, 335, 337, 340, 341, 347, 348, 350, 367, 369, 370, 373, 380, 381, 383, 385, 386, 387], "summary": {"covered_lines": 80, "num_statements": 113, "percent_covered": 70.79646017699115, "percent_covered_display": "71", "missing_lines": 33, "excluded_lines": 0}, "missing_lines": [59, 60, 61, 65, 70, 71, 73, 77, 78, 79, 91, 92, 108, 109, 122, 149, 150, 175, 182, 234, 235, 244, 245, 248, 249, 253, 304, 352, 353, 354, 355, 356, 357], "excluded_lines": []}, "": {"executed_lines": [1, 3, 4, 5, 6, 7, 8, 9, 11, 19, 21, 24, 25, 27, 45, 81, 111, 112, 152, 187, 237, 255, 297, 309, 328, 359], "summary": {"covered_lines": 24, "num_statements": 24, "percent_covered": 100.0, "percent_covered_display": "100", "missing_lines": 0, "excluded_lines": 0}, "missing_lines": [], "excluded_lines": []}}}, "src\\auto_scrape\\core\\config.py": {"executed_lines": [1, 3, 4, 5, 6, 8, 9, 10, 13, 14, 15, 16, 17, 18, 19, 22, 23, 24, 25, 26, 29, 30, 31, 32, 33, 34, 35, 38, 39, 40, 41, 42, 45, 46, 47, 50, 53, 56, 58, 59, 60, 62, 63, 64, 67, 68, 69, 70, 71, 72, 73, 76, 77, 78, 81, 82, 85, 86, 87, 90, 91, 92, 93, 94, 97, 98, 99, 102, 108, 109, 110, 111, 112, 113, 116, 117, 118, 119, 120, 121, 122, 128, 129, 132, 135, 138, 141, 144, 147, 148, 151, 152, 154, 160, 161, 162, 164, 165, 166, 167, 169, 170, 171, 172, 174, 176, 177, 178, 180, 182, 183, 185, 186, 187, 189, 190, 193, 194, 195, 196, 197, 198, 201, 202, 204, 206, 208, 209, 212, 215, 216, 217, 218, 219, 220, 221, 224, 226, 227, 229, 231], "summary": {"covered_lines": 131, "num_statements": 133, "percent_covered": 98.49624060150376, "percent_covered_display": "98", "missing_lines": 2, "excluded_lines": 0}, "missing_lines": [199, 223], "excluded_lines": [], "functions": {"SiteConfig.validate_url": {"executed_lines": [62, 63, 64], "summary": {"covered_lines": 3, "num_statements": 3, "percent_covered": 100.0, "percent_covered_display": "100", "missing_lines": 0, "excluded_lines": 0}, "missing_lines": [], "excluded_lines": []}, "ScrapingConfig.validate_config": {"executed_lines": [164, 165, 166, 167, 169, 170, 171, 172, 174, 176, 177, 178, 180], "summary": {"covered_lines": 13, "num_statements": 13, "percent_covered": 100.0, "percent_covered_display": "100", "missing_lines": 0, "excluded_lines": 0}, "missing_lines": [], "excluded_lines": []}, "ScrapingConfig.from_file": {"executed_lines": [185, 186, 187, 189, 190, 193, 194, 195, 196, 197, 198, 201, 202, 204], "summary": {"covered_lines": 14, "num_statements": 15, "percent_covered": 93.33333333333333, "percent_covered_display": "93", "missing_lines": 1, "excluded_lines": 0}, "missing_lines": [199], "excluded_lines": []}, "ScrapingConfig.save_to_file": {"executed_lines": [208, 209, 212, 215, 216, 217, 218, 219, 220, 221, 224, 226, 227], "summary": {"covered_lines": 13, "num_statements": 14, "percent_covered": 92.85714285714286, "percent_covered_display": "93", "missing_lines": 1, "excluded_lines": 0}, "missing_lines": [223], "excluded_lines": []}, "ScrapingConfig.get_enabled_sites": {"executed_lines": [231], "summary": {"covered_lines": 1, "num_statements": 1, "percent_covered": 100.0, "percent_covered_display": "100", "missing_lines": 0, "excluded_lines": 0}, "missing_lines": [], "excluded_lines": []}, "": {"executed_lines": [1, 3, 4, 5, 6, 8, 9, 10, 13, 14, 15, 16, 17, 18, 19, 22, 23, 24, 25, 26, 29, 30, 31, 32, 33, 34, 35, 38, 39, 40, 41, 42, 45, 46, 47, 50, 53, 56, 58, 59, 60, 67, 68, 69, 70, 71, 72, 73, 76, 77, 78, 81, 82, 85, 86, 87, 90, 91, 92, 93, 94, 97, 98, 99, 102, 108, 109, 110, 111, 112, 113, 116, 117, 118, 119, 120, 121, 122, 128, 129, 132, 135, 138, 141, 144, 147, 148, 151, 152, 154, 160, 161, 162, 182, 183, 206, 229], "summary": {"covered_lines": 87, "num_statements": 87, "percent_covered": 100.0, "percent_covered_display": "100", "missing_lines": 0, "excluded_lines": 0}, "missing_lines": [], "excluded_lines": []}}, "classes": {"LogLevel": {"executed_lines": [], "summary": {"covered_lines": 0, "num_statements": 0, "percent_covered": 100.0, "percent_covered_display": "100", "missing_lines": 0, "excluded_lines": 0}, "missing_lines": [], "excluded_lines": []}, "BrowserType": {"executed_lines": [], "summary": {"covered_lines": 0, "num_statements": 0, "percent_covered": 100.0, "percent_covered_display": "100", "missing_lines": 0, "excluded_lines": 0}, "missing_lines": [], "excluded_lines": []}, "SelectorConfig": {"executed_lines": [], "summary": {"covered_lines": 0, "num_statements": 0, "percent_covered": 100.0, "percent_covered_display": "100", "missing_lines": 0, "excluded_lines": 0}, "missing_lines": [], "excluded_lines": []}, "SiteConfig": {"executed_lines": [62, 63, 64], "summary": {"covered_lines": 3, "num_statements": 3, "percent_covered": 100.0, "percent_covered_display": "100", "missing_lines": 0, "excluded_lines": 0}, "missing_lines": [], "excluded_lines": []}, "BrowserConfig": {"executed_lines": [], "summary": {"covered_lines": 0, "num_statements": 0, "percent_covered": 100.0, "percent_covered_display": "100", "missing_lines": 0, "excluded_lines": 0}, "missing_lines": [], "excluded_lines": []}, "ExcelConfig": {"executed_lines": [], "summary": {"covered_lines": 0, "num_statements": 0, "percent_covered": 100.0, "percent_covered_display": "100", "missing_lines": 0, "excluded_lines": 0}, "missing_lines": [], "excluded_lines": []}, "RetryConfig": {"executed_lines": [], "summary": {"covered_lines": 0, "num_statements": 0, "percent_covered": 100.0, "percent_covered_display": "100", "missing_lines": 0, "excluded_lines": 0}, "missing_lines": [], "excluded_lines": []}, "LoggingConfig": {"executed_lines": [], "summary": {"covered_lines": 0, "num_statements": 0, "percent_covered": 100.0, "percent_covered_display": "100", "missing_lines": 0, "excluded_lines": 0}, "missing_lines": [], "excluded_lines": []}, "ScrapingConfig": {"executed_lines": [164, 165, 166, 167, 169, 170, 171, 172, 174, 176, 177, 178, 180, 185, 186, 187, 189, 190, 193, 194, 195, 196, 197, 198, 201, 202, 204, 208, 209, 212, 215, 216, 217, 218, 219, 220, 221, 224, 226, 227, 231], "summary": {"covered_lines": 41, "num_statements": 43, "percent_covered": 95.34883720930233, "percent_covered_display": "95", "missing_lines": 2, "excluded_lines": 0}, "missing_lines": [199, 223], "excluded_lines": []}, "": {"executed_lines": [1, 3, 4, 5, 6, 8, 9, 10, 13, 14, 15, 16, 17, 18, 19, 22, 23, 24, 25, 26, 29, 30, 31, 32, 33, 34, 35, 38, 39, 40, 41, 42, 45, 46, 47, 50, 53, 56, 58, 59, 60, 67, 68, 69, 70, 71, 72, 73, 76, 77, 78, 81, 82, 85, 86, 87, 90, 91, 92, 93, 94, 97, 98, 99, 102, 108, 109, 110, 111, 112, 113, 116, 117, 118, 119, 120, 121, 122, 128, 129, 132, 135, 138, 141, 144, 147, 148, 151, 152, 154, 160, 161, 162, 182, 183, 206, 229], "summary": {"covered_lines": 87, "num_statements": 87, "percent_covered": 100.0, "percent_covered_display": "100", "missing_lines": 0, "excluded_lines": 0}, "missing_lines": [], "excluded_lines": []}}}, "src\\auto_scrape\\core\\data_extractor.py": {"executed_lines": [1, 3, 4, 5, 7, 8, 11, 12, 14, 16, 22, 36, 38, 40, 41, 43, 49, 64, 69, 70, 72, 73, 74, 75, 77, 79, 80, 81, 82, 83, 84, 85, 87, 88, 89, 94, 95, 101, 103, 117, 119, 120, 121, 122, 130, 132, 148, 149, 151, 153, 154, 156, 157, 159, 160, 161, 164, 173, 174, 176, 181, 183, 202, 203, 204, 205, 207, 208, 209, 211, 213, 214, 215, 225, 228, 229, 233, 234, 235, 236, 241, 242, 245, 250, 258, 294, 332, 382, 394, 406], "summary": {"covered_lines": 88, "num_statements": 181, "percent_covered": 48.61878453038674, "percent_covered_display": "49", "missing_lines": 93, "excluded_lines": 0}, "missing_lines": [45, 46, 47, 91, 92, 123, 124, 125, 126, 128, 165, 166, 167, 168, 170, 178, 179, 216, 217, 218, 219, 221, 222, 223, 224, 230, 238, 246, 247, 248, 252, 254, 255, 256, 268, 270, 271, 273, 274, 275, 277, 279, 280, 282, 287, 289, 290, 292, 304, 306, 307, 309, 310, 311, 312, 314, 316, 317, 319, 325, 327, 328, 330, 342, 344, 345, 346, 347, 348, 351, 352, 353, 354, 355, 357, 358, 359, 362, 364, 365, 367, 368, 369, 370, 371, 373, 375, 377, 378, 380, 392, 404, 416], "excluded_lines": [], "functions": {"DataExtractor.__init__": {"executed_lines": [16], "summary": {"covered_lines": 1, "num_statements": 1, "percent_covered": 100.0, "percent_covered_display": "100", "missing_lines": 0, "excluded_lines": 0}, "missing_lines": [], "excluded_lines": []}, "DataExtractor.extract_from_page": {"executed_lines": [36, 38, 40, 41, 43], "summary": {"covered_lines": 5, "num_statements": 8, "percent_covered": 62.5, "percent_covered_display": "62", "missing_lines": 3, "excluded_lines": 0}, "missing_lines": [45, 46, 47], "excluded_lines": []}, "DataExtractor._determine_extraction_strategy": {"executed_lines": [64, 69, 70, 72, 73, 74, 75, 77, 79, 80, 81, 82, 83, 84, 85, 87, 88, 89, 94, 95, 101], "summary": {"covered_lines": 21, "num_statements": 23, "percent_covered": 91.30434782608695, "percent_covered_display": "91", "missing_lines": 2, "excluded_lines": 0}, "missing_lines": [91, 92], "excluded_lines": []}, "DataExtractor._extract_single_item": {"executed_lines": [117, 119, 120, 121, 122, 130], "summary": {"covered_lines": 6, "num_statements": 11, "percent_covered": 54.54545454545455, "percent_covered_display": "55", "missing_lines": 5, "excluded_lines": 0}, "missing_lines": [123, 124, 125, 126, 128], "excluded_lines": []}, "DataExtractor._extract_multiple_items": {"executed_lines": [148, 149, 151, 153, 154, 156, 157, 159, 160, 161, 164, 173, 174, 176, 181], "summary": {"covered_lines": 15, "num_statements": 22, "percent_covered": 68.18181818181819, "percent_covered_display": "68", "missing_lines": 7, "excluded_lines": 0}, "missing_lines": [165, 166, 167, 168, 170, 178, 179], "excluded_lines": []}, "DataExtractor._extract_field_value": {"executed_lines": [202, 203, 204, 205, 207, 208, 209, 211, 213, 214, 215, 225, 228, 229, 233, 234, 235, 236, 241, 242, 245, 250], "summary": {"covered_lines": 22, "num_statements": 39, "percent_covered": 56.41025641025641, "percent_covered_display": "56", "missing_lines": 17, "excluded_lines": 0}, "missing_lines": [216, 217, 218, 219, 221, 222, 223, 224, 230, 238, 246, 247, 248, 252, 254, 255, 256], "excluded_lines": []}, "DataExtractor.extract_links": {"executed_lines": [], "summary": {"covered_lines": 0, "num_statements": 14, "percent_covered": 0.0, "percent_covered_display": "0", "missing_lines": 14, "excluded_lines": 0}, "missing_lines": [268, 270, 271, 273, 274, 275, 277, 279, 280, 282, 287, 289, 290, 292], "excluded_lines": []}, "DataExtractor.extract_images": {"executed_lines": [], "summary": {"covered_lines": 0, "num_statements": 15, "percent_covered": 0.0, "percent_covered_display": "0", "missing_lines": 15, "excluded_lines": 0}, "missing_lines": [304, 306, 307, 309, 310, 311, 312, 314, 316, 317, 319, 325, 327, 328, 330], "excluded_lines": []}, "DataExtractor.extract_table_data": {"executed_lines": [], "summary": {"covered_lines": 0, "num_statements": 27, "percent_covered": 0.0, "percent_covered_display": "0", "missing_lines": 27, "excluded_lines": 0}, "missing_lines": [342, 344, 345, 346, 347, 348, 351, 352, 353, 354, 355, 357, 358, 359, 362, 364, 365, 367, 368, 369, 370, 371, 373, 375, 377, 378, 380], "excluded_lines": []}, "DataExtractor._extract_by_css": {"executed_lines": [], "summary": {"covered_lines": 0, "num_statements": 1, "percent_covered": 0.0, "percent_covered_display": "0", "missing_lines": 1, "excluded_lines": 0}, "missing_lines": [392], "excluded_lines": []}, "DataExtractor._extract_by_xpath": {"executed_lines": [], "summary": {"covered_lines": 0, "num_statements": 1, "percent_covered": 0.0, "percent_covered_display": "0", "missing_lines": 1, "excluded_lines": 0}, "missing_lines": [404], "excluded_lines": []}, "DataExtractor._extract_by_text": {"executed_lines": [], "summary": {"covered_lines": 0, "num_statements": 1, "percent_covered": 0.0, "percent_covered_display": "0", "missing_lines": 1, "excluded_lines": 0}, "missing_lines": [416], "excluded_lines": []}, "": {"executed_lines": [1, 3, 4, 5, 7, 8, 11, 12, 14, 22, 49, 103, 132, 183, 258, 294, 332, 382, 394, 406], "summary": {"covered_lines": 18, "num_statements": 18, "percent_covered": 100.0, "percent_covered_display": "100", "missing_lines": 0, "excluded_lines": 0}, "missing_lines": [], "excluded_lines": []}}, "classes": {"DataExtractor": {"executed_lines": [16, 36, 38, 40, 41, 43, 64, 69, 70, 72, 73, 74, 75, 77, 79, 80, 81, 82, 83, 84, 85, 87, 88, 89, 94, 95, 101, 117, 119, 120, 121, 122, 130, 148, 149, 151, 153, 154, 156, 157, 159, 160, 161, 164, 173, 174, 176, 181, 202, 203, 204, 205, 207, 208, 209, 211, 213, 214, 215, 225, 228, 229, 233, 234, 235, 236, 241, 242, 245, 250], "summary": {"covered_lines": 70, "num_statements": 163, "percent_covered": 42.94478527607362, "percent_covered_display": "43", "missing_lines": 93, "excluded_lines": 0}, "missing_lines": [45, 46, 47, 91, 92, 123, 124, 125, 126, 128, 165, 166, 167, 168, 170, 178, 179, 216, 217, 218, 219, 221, 222, 223, 224, 230, 238, 246, 247, 248, 252, 254, 255, 256, 268, 270, 271, 273, 274, 275, 277, 279, 280, 282, 287, 289, 290, 292, 304, 306, 307, 309, 310, 311, 312, 314, 316, 317, 319, 325, 327, 328, 330, 342, 344, 345, 346, 347, 348, 351, 352, 353, 354, 355, 357, 358, 359, 362, 364, 365, 367, 368, 369, 370, 371, 373, 375, 377, 378, 380, 392, 404, 416], "excluded_lines": []}, "": {"executed_lines": [1, 3, 4, 5, 7, 8, 11, 12, 14, 22, 49, 103, 132, 183, 258, 294, 332, 382, 394, 406], "summary": {"covered_lines": 18, "num_statements": 18, "percent_covered": 100.0, "percent_covered_display": "100", "missing_lines": 0, "excluded_lines": 0}, "missing_lines": [], "excluded_lines": []}}}, "src\\auto_scrape\\core\\scraper.py": {"executed_lines": [1, 3, 4, 5, 6, 7, 9, 10, 11, 13, 14, 15, 16, 17, 20, 21, 23, 29, 30, 31, 32, 33, 34, 35, 37, 43, 44, 46, 48, 51, 52, 56, 59, 60, 65, 68, 69, 70, 71, 72, 74, 75, 78, 79, 82, 84, 90, 92, 106, 107, 109, 114, 123, 124, 126, 127, 129, 132, 135, 136, 139, 143, 145, 146, 147, 150, 151, 153, 155, 169, 171, 177, 182, 183, 184, 185, 186, 187, 192, 193, 194, 196, 198, 199, 200, 202, 216, 217, 218, 220, 221, 223, 225, 227, 232, 233, 234, 237, 238, 241, 242, 244, 245, 248, 253, 254, 256, 258, 259, 262, 263, 264, 266, 267, 268, 271, 272, 274, 275, 276, 278, 284, 286, 289, 290, 292, 293, 295, 296, 297, 298, 299, 300, 301, 303, 304, 306, 307], "summary": {"covered_lines": 136, "num_statements": 150, "percent_covered": 90.66666666666667, "percent_covered_display": "91", "missing_lines": 14, "excluded_lines": 0}, "missing_lines": [53, 54, 86, 87, 88, 172, 173, 174, 250, 251, 280, 281, 282, 287], "excluded_lines": [], "functions": {"WebScraper.__init__": {"executed_lines": [29, 30, 31, 32, 33, 34, 35], "summary": {"covered_lines": 7, "num_statements": 7, "percent_covered": 100.0, "percent_covered_display": "100", "missing_lines": 0, "excluded_lines": 0}, "missing_lines": [], "excluded_lines": []}, "WebScraper.scrape_all": {"executed_lines": [43, 44, 46, 48, 51, 52, 56, 59, 60, 65, 68, 69, 70, 71, 72, 74, 75, 78, 79, 82, 84, 90], "summary": {"covered_lines": 22, "num_statements": 27, "percent_covered": 81.48148148148148, "percent_covered_display": "81", "missing_lines": 5, "excluded_lines": 0}, "missing_lines": [53, 54, 86, 87, 88], "excluded_lines": []}, "WebScraper._scrape_site_with_semaphore": {"executed_lines": [106, 107], "summary": {"covered_lines": 2, "num_statements": 2, "percent_covered": 100.0, "percent_covered_display": "100", "missing_lines": 0, "excluded_lines": 0}, "missing_lines": [], "excluded_lines": []}, "WebScraper._scrape_single_site": {"executed_lines": [123, 124, 126, 127, 129, 132, 135, 136, 139, 143, 145, 146, 147, 150, 151, 153], "summary": {"covered_lines": 16, "num_statements": 16, "percent_covered": 100.0, "percent_covered_display": "100", "missing_lines": 0, "excluded_lines": 0}, "missing_lines": [], "excluded_lines": []}, "WebScraper._extract_page_data": {"executed_lines": [169, 171, 177, 182, 183, 184, 185, 186, 187, 192, 193, 194, 196, 198, 199, 200], "summary": {"covered_lines": 16, "num_statements": 19, "percent_covered": 84.21052631578948, "percent_covered_display": "84", "missing_lines": 3, "excluded_lines": 0}, "missing_lines": [172, 173, 174], "excluded_lines": []}, "WebScraper._handle_pagination": {"executed_lines": [216, 217, 218, 220, 221, 223, 225, 227, 232, 233, 234, 237, 238, 241, 242, 244, 245, 248, 253, 254], "summary": {"covered_lines": 20, "num_statements": 22, "percent_covered": 90.9090909090909, "percent_covered_display": "91", "missing_lines": 2, "excluded_lines": 0}, "missing_lines": [250, 251], "excluded_lines": []}, "WebScraper._save_to_excel": {"executed_lines": [258, 259, 262, 263, 264, 266, 267, 268, 271, 272, 274, 275, 276, 278], "summary": {"covered_lines": 14, "num_statements": 17, "percent_covered": 82.3529411764706, "percent_covered_display": "82", "missing_lines": 3, "excluded_lines": 0}, "missing_lines": [280, 281, 282], "excluded_lines": []}, "WebScraper._log_scraping_summary": {"executed_lines": [286, 289, 290, 292, 293, 295, 296, 297, 298, 299, 300, 301, 303, 304, 306, 307], "summary": {"covered_lines": 16, "num_statements": 17, "percent_covered": 94.11764705882354, "percent_covered_display": "94", "missing_lines": 1, "excluded_lines": 0}, "missing_lines": [287], "excluded_lines": []}, "": {"executed_lines": [1, 3, 4, 5, 6, 7, 9, 10, 11, 13, 14, 15, 16, 17, 20, 21, 23, 37, 92, 109, 114, 155, 202, 256, 284], "summary": {"covered_lines": 23, "num_statements": 23, "percent_covered": 100.0, "percent_covered_display": "100", "missing_lines": 0, "excluded_lines": 0}, "missing_lines": [], "excluded_lines": []}}, "classes": {"WebScraper": {"executed_lines": [29, 30, 31, 32, 33, 34, 35, 43, 44, 46, 48, 51, 52, 56, 59, 60, 65, 68, 69, 70, 71, 72, 74, 75, 78, 79, 82, 84, 90, 106, 107, 123, 124, 126, 127, 129, 132, 135, 136, 139, 143, 145, 146, 147, 150, 151, 153, 169, 171, 177, 182, 183, 184, 185, 186, 187, 192, 193, 194, 196, 198, 199, 200, 216, 217, 218, 220, 221, 223, 225, 227, 232, 233, 234, 237, 238, 241, 242, 244, 245, 248, 253, 254, 258, 259, 262, 263, 264, 266, 267, 268, 271, 272, 274, 275, 276, 278, 286, 289, 290, 292, 293, 295, 296, 297, 298, 299, 300, 301, 303, 304, 306, 307], "summary": {"covered_lines": 113, "num_statements": 127, "percent_covered": 88.97637795275591, "percent_covered_display": "89", "missing_lines": 14, "excluded_lines": 0}, "missing_lines": [53, 54, 86, 87, 88, 172, 173, 174, 250, 251, 280, 281, 282, 287], "excluded_lines": []}, "": {"executed_lines": [1, 3, 4, 5, 6, 7, 9, 10, 11, 13, 14, 15, 16, 17, 20, 21, 23, 37, 92, 109, 114, 155, 202, 256, 284], "summary": {"covered_lines": 23, "num_statements": 23, "percent_covered": 100.0, "percent_covered_display": "100", "missing_lines": 0, "excluded_lines": 0}, "missing_lines": [], "excluded_lines": []}}}, "src\\auto_scrape\\excel\\__init__.py": {"executed_lines": [1, 3, 4, 6], "summary": {"covered_lines": 3, "num_statements": 3, "percent_covered": 100.0, "percent_covered_display": "100", "missing_lines": 0, "excluded_lines": 0}, "missing_lines": [], "excluded_lines": [], "functions": {"": {"executed_lines": [1, 3, 4, 6], "summary": {"covered_lines": 3, "num_statements": 3, "percent_covered": 100.0, "percent_covered_display": "100", "missing_lines": 0, "excluded_lines": 0}, "missing_lines": [], "excluded_lines": []}}, "classes": {"": {"executed_lines": [1, 3, 4, 6], "summary": {"covered_lines": 3, "num_statements": 3, "percent_covered": 100.0, "percent_covered_display": "100", "missing_lines": 0, "excluded_lines": 0}, "missing_lines": [], "excluded_lines": []}}}, "src\\auto_scrape\\excel\\formatter.py": {"executed_lines": [1, 3, 4, 5, 7, 10, 11, 13, 15, 25, 53, 99, 122, 147, 183, 217, 239, 259, 278, 307, 325, 342, 357, 374], "summary": {"covered_lines": 22, "num_statements": 153, "percent_covered": 14.379084967320262, "percent_covered_display": "14", "missing_lines": 131, "excluded_lines": 0}, "missing_lines": [39, 40, 42, 44, 45, 46, 47, 48, 49, 51, 62, 64, 65, 68, 69, 71, 72, 73, 76, 77, 79, 80, 82, 83, 85, 86, 88, 89, 91, 92, 94, 96, 97, 109, 110, 112, 113, 114, 116, 117, 118, 119, 120, 131, 132, 135, 136, 138, 139, 140, 141, 142, 143, 145, 156, 157, 159, 162, 163, 164, 165, 166, 167, 168, 169, 172, 173, 174, 175, 177, 178, 179, 181, 192, 195, 201, 202, 203, 204, 205, 206, 208, 210, 211, 212, 213, 215, 226, 229, 232, 233, 234, 235, 237, 248, 251, 252, 253, 254, 255, 257, 268, 271, 274, 276, 287, 289, 290, 291, 293, 296, 297, 299, 300, 302, 304, 305, 316, 322, 323, 334, 340, 352, 355, 366, 372, 383, 385, 386, 387, 388], "excluded_lines": [], "functions": {"ExcelFormatter.__init__": {"executed_lines": [15], "summary": {"covered_lines": 1, "num_statements": 1, "percent_covered": 100.0, "percent_covered_display": "100", "missing_lines": 0, "excluded_lines": 0}, "missing_lines": [], "excluded_lines": []}, "ExcelFormatter.format_data": {"executed_lines": [], "summary": {"covered_lines": 0, "num_statements": 10, "percent_covered": 0.0, "percent_covered_display": "0", "missing_lines": 10, "excluded_lines": 0}, "missing_lines": [39, 40, 42, 44, 45, 46, 47, 48, 49, 51], "excluded_lines": []}, "ExcelFormatter._infer_format_rules": {"executed_lines": [], "summary": {"covered_lines": 0, "num_statements": 23, "percent_covered": 0.0, "percent_covered_display": "0", "missing_lines": 23, "excluded_lines": 0}, "missing_lines": [62, 64, 65, 68, 69, 71, 72, 73, 76, 77, 79, 80, 82, 83, 85, 86, 88, 89, 91, 92, 94, 96, 97], "excluded_lines": []}, "ExcelFormatter._apply_format": {"executed_lines": [], "summary": {"covered_lines": 0, "num_statements": 10, "percent_covered": 0.0, "percent_covered_display": "0", "missing_lines": 10, "excluded_lines": 0}, "missing_lines": [109, 110, 112, 113, 114, 116, 117, 118, 119, 120], "excluded_lines": []}, "ExcelFormatter._format_currency": {"executed_lines": [], "summary": {"covered_lines": 0, "num_statements": 11, "percent_covered": 0.0, "percent_covered_display": "0", "missing_lines": 11, "excluded_lines": 0}, "missing_lines": [131, 132, 135, 136, 138, 139, 140, 141, 142, 143, 145], "excluded_lines": []}, "ExcelFormatter._format_percentage": {"executed_lines": [], "summary": {"covered_lines": 0, "num_statements": 19, "percent_covered": 0.0, "percent_covered_display": "0", "missing_lines": 19, "excluded_lines": 0}, "missing_lines": [156, 157, 159, 162, 163, 164, 165, 166, 167, 168, 169, 172, 173, 174, 175, 177, 178, 179, 181], "excluded_lines": []}, "ExcelFormatter._format_date": {"executed_lines": [], "summary": {"covered_lines": 0, "num_statements": 14, "percent_covered": 0.0, "percent_covered_display": "0", "missing_lines": 14, "excluded_lines": 0}, "missing_lines": [192, 195, 201, 202, 203, 204, 205, 206, 208, 210, 211, 212, 213, 215], "excluded_lines": []}, "ExcelFormatter._format_phone": {"executed_lines": [], "summary": {"covered_lines": 0, "num_statements": 7, "percent_covered": 0.0, "percent_covered_display": "0", "missing_lines": 7, "excluded_lines": 0}, "missing_lines": [226, 229, 232, 233, 234, 235, 237], "excluded_lines": []}, "ExcelFormatter._format_url": {"executed_lines": [], "summary": {"covered_lines": 0, "num_statements": 7, "percent_covered": 0.0, "percent_covered_display": "0", "missing_lines": 7, "excluded_lines": 0}, "missing_lines": [248, 251, 252, 253, 254, 255, 257], "excluded_lines": []}, "ExcelFormatter._format_text": {"executed_lines": [], "summary": {"covered_lines": 0, "num_statements": 4, "percent_covered": 0.0, "percent_covered_display": "0", "missing_lines": 4, "excluded_lines": 0}, "missing_lines": [268, 271, 274, 276], "excluded_lines": []}, "ExcelFormatter._format_number": {"executed_lines": [], "summary": {"covered_lines": 0, "num_statements": 12, "percent_covered": 0.0, "percent_covered_display": "0", "missing_lines": 12, "excluded_lines": 0}, "missing_lines": [287, 289, 290, 291, 293, 296, 297, 299, 300, 302, 304, 305], "excluded_lines": []}, "ExcelFormatter._is_currency": {"executed_lines": [], "summary": {"covered_lines": 0, "num_statements": 3, "percent_covered": 0.0, "percent_covered_display": "0", "missing_lines": 3, "excluded_lines": 0}, "missing_lines": [316, 322, 323], "excluded_lines": []}, "ExcelFormatter._is_date": {"executed_lines": [], "summary": {"covered_lines": 0, "num_statements": 2, "percent_covered": 0.0, "percent_covered_display": "0", "missing_lines": 2, "excluded_lines": 0}, "missing_lines": [334, 340], "excluded_lines": []}, "ExcelFormatter._is_phone": {"executed_lines": [], "summary": {"covered_lines": 0, "num_statements": 2, "percent_covered": 0.0, "percent_covered_display": "0", "missing_lines": 2, "excluded_lines": 0}, "missing_lines": [352, 355], "excluded_lines": []}, "ExcelFormatter._is_url": {"executed_lines": [], "summary": {"covered_lines": 0, "num_statements": 2, "percent_covered": 0.0, "percent_covered_display": "0", "missing_lines": 2, "excluded_lines": 0}, "missing_lines": [366, 372], "excluded_lines": []}, "ExcelFormatter._is_number": {"executed_lines": [], "summary": {"covered_lines": 0, "num_statements": 5, "percent_covered": 0.0, "percent_covered_display": "0", "missing_lines": 5, "excluded_lines": 0}, "missing_lines": [383, 385, 386, 387, 388], "excluded_lines": []}, "": {"executed_lines": [1, 3, 4, 5, 7, 10, 11, 13, 25, 53, 99, 122, 147, 183, 217, 239, 259, 278, 307, 325, 342, 357, 374], "summary": {"covered_lines": 21, "num_statements": 21, "percent_covered": 100.0, "percent_covered_display": "100", "missing_lines": 0, "excluded_lines": 0}, "missing_lines": [], "excluded_lines": []}}, "classes": {"ExcelFormatter": {"executed_lines": [15], "summary": {"covered_lines": 1, "num_statements": 132, "percent_covered": 0.7575757575757576, "percent_covered_display": "1", "missing_lines": 131, "excluded_lines": 0}, "missing_lines": [39, 40, 42, 44, 45, 46, 47, 48, 49, 51, 62, 64, 65, 68, 69, 71, 72, 73, 76, 77, 79, 80, 82, 83, 85, 86, 88, 89, 91, 92, 94, 96, 97, 109, 110, 112, 113, 114, 116, 117, 118, 119, 120, 131, 132, 135, 136, 138, 139, 140, 141, 142, 143, 145, 156, 157, 159, 162, 163, 164, 165, 166, 167, 168, 169, 172, 173, 174, 175, 177, 178, 179, 181, 192, 195, 201, 202, 203, 204, 205, 206, 208, 210, 211, 212, 213, 215, 226, 229, 232, 233, 234, 235, 237, 248, 251, 252, 253, 254, 255, 257, 268, 271, 274, 276, 287, 289, 290, 291, 293, 296, 297, 299, 300, 302, 304, 305, 316, 322, 323, 334, 340, 352, 355, 366, 372, 383, 385, 386, 387, 388], "excluded_lines": []}, "": {"executed_lines": [1, 3, 4, 5, 7, 10, 11, 13, 25, 53, 99, 122, 147, 183, 217, 239, 259, 278, 307, 325, 342, 357, 374], "summary": {"covered_lines": 21, "num_statements": 21, "percent_covered": 100.0, "percent_covered_display": "100", "missing_lines": 0, "excluded_lines": 0}, "missing_lines": [], "excluded_lines": []}}}, "src\\auto_scrape\\excel\\writer.py": {"executed_lines": [1, 3, 4, 5, 6, 7, 9, 10, 11, 12, 13, 14, 16, 17, 20, 21, 23, 29, 30, 32, 38, 39, 42, 43, 46, 47, 50, 52, 53, 54, 57, 58, 61, 62, 65, 68, 70, 72, 73, 74, 76, 83, 84, 85, 88, 89, 92, 95, 96, 98, 131, 146, 154, 156, 159, 162, 163, 166, 167, 170, 171, 173, 178, 186, 187, 188, 191, 192, 193, 194, 195, 198, 204, 206, 214, 215, 216, 219, 220, 221, 224, 225, 227, 228, 229, 230, 232, 233, 235, 238, 244, 246, 253, 254, 257, 258, 259, 260, 263, 264, 266, 273, 275, 278, 281, 288, 291, 296, 302, 303, 304, 306, 307, 312, 318, 319, 321, 323, 324, 327, 330, 333, 337, 338, 341, 344, 345, 347, 357, 366, 367, 368, 370, 371, 373, 374, 377, 378, 379, 381, 384, 387, 393], "summary": {"covered_lines": 141, "num_statements": 174, "percent_covered": 81.03448275862068, "percent_covered_display": "81", "missing_lines": 33, "excluded_lines": 0}, "missing_lines": [66, 104, 106, 109, 110, 112, 114, 117, 118, 121, 124, 125, 127, 128, 129, 138, 139, 142, 143, 144, 175, 176, 293, 294, 309, 310, 334, 351, 353, 354, 355, 380, 382], "excluded_lines": [], "functions": {"ExcelWriter.__init__": {"executed_lines": [29, 30], "summary": {"covered_lines": 2, "num_statements": 2, "percent_covered": 100.0, "percent_covered_display": "100", "missing_lines": 0, "excluded_lines": 0}, "missing_lines": [], "excluded_lines": []}, "ExcelWriter.write_data": {"executed_lines": [38, 39, 42, 43, 46, 47, 50, 52, 53, 54, 57, 58, 61, 62, 65, 68, 70, 72, 73, 74], "summary": {"covered_lines": 20, "num_statements": 21, "percent_covered": 95.23809523809524, "percent_covered_display": "95", "missing_lines": 1, "excluded_lines": 0}, "missing_lines": [66], "excluded_lines": []}, "ExcelWriter._write_new_file": {"executed_lines": [83, 84, 85, 88, 89, 92, 95, 96], "summary": {"covered_lines": 8, "num_statements": 8, "percent_covered": 100.0, "percent_covered_display": "100", "missing_lines": 0, "excluded_lines": 0}, "missing_lines": [], "excluded_lines": []}, "ExcelWriter._write_using_template": {"executed_lines": [], "summary": {"covered_lines": 0, "num_statements": 14, "percent_covered": 0.0, "percent_covered_display": "0", "missing_lines": 14, "excluded_lines": 0}, "missing_lines": [104, 106, 109, 110, 112, 114, 117, 118, 121, 124, 125, 127, 128, 129], "excluded_lines": []}, "ExcelWriter._clear_worksheet_data": {"executed_lines": [], "summary": {"covered_lines": 0, "num_statements": 5, "percent_covered": 0.0, "percent_covered_display": "0", "missing_lines": 5, "excluded_lines": 0}, "missing_lines": [138, 139, 142, 143, 144], "excluded_lines": []}, "ExcelWriter._apply_formatting": {"executed_lines": [154, 156, 159, 162, 163, 166, 167, 170, 171, 173], "summary": {"covered_lines": 10, "num_statements": 12, "percent_covered": 83.33333333333333, "percent_covered_display": "83", "missing_lines": 2, "excluded_lines": 0}, "missing_lines": [175, 176], "excluded_lines": []}, "ExcelWriter._format_headers": {"executed_lines": [186, 187, 188, 191, 192, 193, 194, 195, 198, 204], "summary": {"covered_lines": 10, "num_statements": 10, "percent_covered": 100.0, "percent_covered_display": "100", "missing_lines": 0, "excluded_lines": 0}, "missing_lines": [], "excluded_lines": []}, "ExcelWriter._format_data_cells": {"executed_lines": [214, 215, 216, 219, 220, 221, 224, 225, 227, 228, 229, 230, 232, 233, 235, 238, 244], "summary": {"covered_lines": 17, "num_statements": 17, "percent_covered": 100.0, "percent_covered_display": "100", "missing_lines": 0, "excluded_lines": 0}, "missing_lines": [], "excluded_lines": []}, "ExcelWriter._auto_fit_columns": {"executed_lines": [253, 254, 257, 258, 259, 260, 263, 264], "summary": {"covered_lines": 8, "num_statements": 8, "percent_covered": 100.0, "percent_covered_display": "100", "missing_lines": 0, "excluded_lines": 0}, "missing_lines": [], "excluded_lines": []}, "ExcelWriter._create_table": {"executed_lines": [273, 275, 278, 281, 288, 291], "summary": {"covered_lines": 6, "num_statements": 8, "percent_covered": 75.0, "percent_covered_display": "75", "missing_lines": 2, "excluded_lines": 0}, "missing_lines": [293, 294], "excluded_lines": []}, "ExcelWriter._backup_existing_file": {"executed_lines": [302, 303, 304, 306, 307], "summary": {"covered_lines": 5, "num_statements": 7, "percent_covered": 71.42857142857143, "percent_covered_display": "71", "missing_lines": 2, "excluded_lines": 0}, "missing_lines": [309, 310], "excluded_lines": []}, "ExcelWriter.append_data": {"executed_lines": [318, 319, 321, 323, 324, 327, 330, 333, 337, 338, 341, 344, 345, 347], "summary": {"covered_lines": 14, "num_statements": 19, "percent_covered": 73.6842105263158, "percent_covered_display": "74", "missing_lines": 5, "excluded_lines": 0}, "missing_lines": [334, 351, 353, 354, 355], "excluded_lines": []}, "ExcelWriter._format_new_rows": {"executed_lines": [366, 367, 368, 370, 371, 373, 374, 377, 378, 379, 381, 384, 387, 393], "summary": {"covered_lines": 14, "num_statements": 16, "percent_covered": 87.5, "percent_covered_display": "88", "missing_lines": 2, "excluded_lines": 0}, "missing_lines": [380, 382], "excluded_lines": []}, "": {"executed_lines": [1, 3, 4, 5, 6, 7, 9, 10, 11, 12, 13, 14, 16, 17, 20, 21, 23, 32, 76, 98, 131, 146, 178, 206, 246, 266, 296, 312, 357], "summary": {"covered_lines": 27, "num_statements": 27, "percent_covered": 100.0, "percent_covered_display": "100", "missing_lines": 0, "excluded_lines": 0}, "missing_lines": [], "excluded_lines": []}}, "classes": {"ExcelWriter": {"executed_lines": [29, 30, 38, 39, 42, 43, 46, 47, 50, 52, 53, 54, 57, 58, 61, 62, 65, 68, 70, 72, 73, 74, 83, 84, 85, 88, 89, 92, 95, 96, 154, 156, 159, 162, 163, 166, 167, 170, 171, 173, 186, 187, 188, 191, 192, 193, 194, 195, 198, 204, 214, 215, 216, 219, 220, 221, 224, 225, 227, 228, 229, 230, 232, 233, 235, 238, 244, 253, 254, 257, 258, 259, 260, 263, 264, 273, 275, 278, 281, 288, 291, 302, 303, 304, 306, 307, 318, 319, 321, 323, 324, 327, 330, 333, 337, 338, 341, 344, 345, 347, 366, 367, 368, 370, 371, 373, 374, 377, 378, 379, 381, 384, 387, 393], "summary": {"covered_lines": 114, "num_statements": 147, "percent_covered": 77.55102040816327, "percent_covered_display": "78", "missing_lines": 33, "excluded_lines": 0}, "missing_lines": [66, 104, 106, 109, 110, 112, 114, 117, 118, 121, 124, 125, 127, 128, 129, 138, 139, 142, 143, 144, 175, 176, 293, 294, 309, 310, 334, 351, 353, 354, 355, 380, 382], "excluded_lines": []}, "": {"executed_lines": [1, 3, 4, 5, 6, 7, 9, 10, 11, 12, 13, 14, 16, 17, 20, 21, 23, 32, 76, 98, 131, 146, 178, 206, 246, 266, 296, 312, 357], "summary": {"covered_lines": 27, "num_statements": 27, "percent_covered": 100.0, "percent_covered_display": "100", "missing_lines": 0, "excluded_lines": 0}, "missing_lines": [], "excluded_lines": []}}}, "src\\auto_scrape\\utils\\__init__.py": {"executed_lines": [1, 3, 4, 6], "summary": {"covered_lines": 3, "num_statements": 3, "percent_covered": 100.0, "percent_covered_display": "100", "missing_lines": 0, "excluded_lines": 0}, "missing_lines": [], "excluded_lines": [], "functions": {"": {"executed_lines": [1, 3, 4, 6], "summary": {"covered_lines": 3, "num_statements": 3, "percent_covered": 100.0, "percent_covered_display": "100", "missing_lines": 0, "excluded_lines": 0}, "missing_lines": [], "excluded_lines": []}}, "classes": {"": {"executed_lines": [1, 3, 4, 6], "summary": {"covered_lines": 3, "num_statements": 3, "percent_covered": 100.0, "percent_covered_display": "100", "missing_lines": 0, "excluded_lines": 0}, "missing_lines": [], "excluded_lines": []}}}, "src\\auto_scrape\\utils\\exceptions.py": {"executed_lines": [], "summary": {"covered_lines": 0, "num_statements": 26, "percent_covered": 0.0, "percent_covered_display": "0", "missing_lines": 26, "excluded_lines": 0}, "missing_lines": [4, 6, 9, 11, 14, 16, 19, 21, 24, 26, 29, 31, 34, 36, 39, 41, 44, 46, 49, 51, 54, 56, 59, 61, 64, 66], "excluded_lines": [], "functions": {"": {"executed_lines": [], "summary": {"covered_lines": 0, "num_statements": 26, "percent_covered": 0.0, "percent_covered_display": "0", "missing_lines": 26, "excluded_lines": 0}, "missing_lines": [4, 6, 9, 11, 14, 16, 19, 21, 24, 26, 29, 31, 34, 36, 39, 41, 44, 46, 49, 51, 54, 56, 59, 61, 64, 66], "excluded_lines": []}}, "classes": {"AutoScrapeError": {"executed_lines": [], "summary": {"covered_lines": 0, "num_statements": 0, "percent_covered": 100.0, "percent_covered_display": "100", "missing_lines": 0, "excluded_lines": 0}, "missing_lines": [], "excluded_lines": []}, "ConfigurationError": {"executed_lines": [], "summary": {"covered_lines": 0, "num_statements": 0, "percent_covered": 100.0, "percent_covered_display": "100", "missing_lines": 0, "excluded_lines": 0}, "missing_lines": [], "excluded_lines": []}, "BrowserError": {"executed_lines": [], "summary": {"covered_lines": 0, "num_statements": 0, "percent_covered": 100.0, "percent_covered_display": "100", "missing_lines": 0, "excluded_lines": 0}, "missing_lines": [], "excluded_lines": []}, "ScrapingError": {"executed_lines": [], "summary": {"covered_lines": 0, "num_statements": 0, "percent_covered": 100.0, "percent_covered_display": "100", "missing_lines": 0, "excluded_lines": 0}, "missing_lines": [], "excluded_lines": []}, "DataExtractionError": {"executed_lines": [], "summary": {"covered_lines": 0, "num_statements": 0, "percent_covered": 100.0, "percent_covered_display": "100", "missing_lines": 0, "excluded_lines": 0}, "missing_lines": [], "excluded_lines": []}, "SelectorError": {"executed_lines": [], "summary": {"covered_lines": 0, "num_statements": 0, "percent_covered": 100.0, "percent_covered_display": "100", "missing_lines": 0, "excluded_lines": 0}, "missing_lines": [], "excluded_lines": []}, "ValidationError": {"executed_lines": [], "summary": {"covered_lines": 0, "num_statements": 0, "percent_covered": 100.0, "percent_covered_display": "100", "missing_lines": 0, "excluded_lines": 0}, "missing_lines": [], "excluded_lines": []}, "ExcelError": {"executed_lines": [], "summary": {"covered_lines": 0, "num_statements": 0, "percent_covered": 100.0, "percent_covered_display": "100", "missing_lines": 0, "excluded_lines": 0}, "missing_lines": [], "excluded_lines": []}, "NetworkError": {"executed_lines": [], "summary": {"covered_lines": 0, "num_statements": 0, "percent_covered": 100.0, "percent_covered_display": "100", "missing_lines": 0, "excluded_lines": 0}, "missing_lines": [], "excluded_lines": []}, "RetryableError": {"executed_lines": [], "summary": {"covered_lines": 0, "num_statements": 0, "percent_covered": 100.0, "percent_covered_display": "100", "missing_lines": 0, "excluded_lines": 0}, "missing_lines": [], "excluded_lines": []}, "TemporaryError": {"executed_lines": [], "summary": {"covered_lines": 0, "num_statements": 0, "percent_covered": 100.0, "percent_covered_display": "100", "missing_lines": 0, "excluded_lines": 0}, "missing_lines": [], "excluded_lines": []}, "RateLimitError": {"executed_lines": [], "summary": {"covered_lines": 0, "num_statements": 0, "percent_covered": 100.0, "percent_covered_display": "100", "missing_lines": 0, "excluded_lines": 0}, "missing_lines": [], "excluded_lines": []}, "TimeoutError": {"executed_lines": [], "summary": {"covered_lines": 0, "num_statements": 0, "percent_covered": 100.0, "percent_covered_display": "100", "missing_lines": 0, "excluded_lines": 0}, "missing_lines": [], "excluded_lines": []}, "": {"executed_lines": [], "summary": {"covered_lines": 0, "num_statements": 26, "percent_covered": 0.0, "percent_covered_display": "0", "missing_lines": 26, "excluded_lines": 0}, "missing_lines": [4, 6, 9, 11, 14, 16, 19, 21, 24, 26, 29, 31, 34, 36, 39, 41, 44, 46, 49, 51, 54, 56, 59, 61, 64, 66], "excluded_lines": []}}}, "src\\auto_scrape\\utils\\logger.py": {"executed_lines": [], "summary": {"covered_lines": 0, "num_statements": 30, "percent_covered": 0.0, "percent_covered_display": "0", "missing_lines": 30, "excluded_lines": 0}, "missing_lines": [3, 4, 5, 7, 9, 12, 15, 16, 23, 26, 27, 30, 39, 49, 51, 52, 68, 69, 73, 77, 78, 94, 96, 97, 98, 99, 100, 101, 102, 103], "excluded_lines": [], "functions": {"LoggerSetup.setup_logger": {"executed_lines": [], "summary": {"covered_lines": 0, "num_statements": 6, "percent_covered": 0.0, "percent_covered_display": "0", "missing_lines": 6, "excluded_lines": 0}, "missing_lines": [23, 26, 27, 30, 39, 49], "excluded_lines": []}, "LoggerSetup.log_scraping_session": {"executed_lines": [], "summary": {"covered_lines": 0, "num_statements": 3, "percent_covered": 0.0, "percent_covered_display": "0", "missing_lines": 3, "excluded_lines": 0}, "missing_lines": [68, 69, 73], "excluded_lines": []}, "LoggerSetup.log_performance_metrics": {"executed_lines": [], "summary": {"covered_lines": 0, "num_statements": 9, "percent_covered": 0.0, "percent_covered_display": "0", "missing_lines": 9, "excluded_lines": 0}, "missing_lines": [94, 96, 97, 98, 99, 100, 101, 102, 103], "excluded_lines": []}, "": {"executed_lines": [], "summary": {"covered_lines": 0, "num_statements": 12, "percent_covered": 0.0, "percent_covered_display": "0", "missing_lines": 12, "excluded_lines": 0}, "missing_lines": [3, 4, 5, 7, 9, 12, 15, 16, 51, 52, 77, 78], "excluded_lines": []}}, "classes": {"LoggerSetup": {"executed_lines": [], "summary": {"covered_lines": 0, "num_statements": 18, "percent_covered": 0.0, "percent_covered_display": "0", "missing_lines": 18, "excluded_lines": 0}, "missing_lines": [23, 26, 27, 30, 39, 49, 68, 69, 73, 94, 96, 97, 98, 99, 100, 101, 102, 103], "excluded_lines": []}, "": {"executed_lines": [], "summary": {"covered_lines": 0, "num_statements": 12, "percent_covered": 0.0, "percent_covered_display": "0", "missing_lines": 12, "excluded_lines": 0}, "missing_lines": [3, 4, 5, 7, 9, 12, 15, 16, 51, 52, 77, 78], "excluded_lines": []}}}, "src\\auto_scrape\\utils\\retry.py": {"executed_lines": [], "summary": {"covered_lines": 0, "num_statements": 114, "percent_covered": 0.0, "percent_covered_display": "0", "missing_lines": 114, "excluded_lines": 0}, "missing_lines": [3, 4, 5, 6, 7, 8, 10, 11, 19, 22, 24, 25, 26, 29, 32, 45, 46, 47, 49, 50, 51, 53, 55, 56, 57, 58, 60, 74, 75, 76, 77, 79, 81, 82, 83, 84, 86, 87, 88, 90, 92, 93, 95, 97, 99, 100, 101, 103, 105, 107, 108, 110, 111, 112, 113, 116, 119, 121, 123, 132, 133, 135, 137, 138, 155, 174, 175, 185, 197, 218, 219, 220, 223, 224, 227, 230, 233, 240, 241, 242, 243, 245, 251, 252, 255, 258, 259, 260, 262, 263, 266, 269, 271, 273, 274, 276, 278, 282, 286, 296, 297, 298, 299, 302, 303, 306, 316, 318, 319, 320, 321, 322, 323, 324], "excluded_lines": [], "functions": {"CircuitBreaker.__init__": {"executed_lines": [], "summary": {"covered_lines": 0, "num_statements": 6, "percent_covered": 0.0, "percent_covered_display": "0", "missing_lines": 6, "excluded_lines": 0}, "missing_lines": [45, 46, 47, 49, 50, 51], "excluded_lines": []}, "CircuitBreaker.__call__": {"executed_lines": [], "summary": {"covered_lines": 0, "num_statements": 3, "percent_covered": 0.0, "percent_covered_display": "0", "missing_lines": 3, "excluded_lines": 0}, "missing_lines": [55, 56, 58], "excluded_lines": []}, "CircuitBreaker.__call__.wrapper": {"executed_lines": [], "summary": {"covered_lines": 0, "num_statements": 1, "percent_covered": 0.0, "percent_covered_display": "0", "missing_lines": 1, "excluded_lines": 0}, "missing_lines": [57], "excluded_lines": []}, "CircuitBreaker.call": {"executed_lines": [], "summary": {"covered_lines": 0, "num_statements": 12, "percent_covered": 0.0, "percent_covered_display": "0", "missing_lines": 12, "excluded_lines": 0}, "missing_lines": [74, 75, 76, 77, 79, 81, 82, 83, 84, 86, 87, 88], "excluded_lines": []}, "CircuitBreaker._should_attempt_reset": {"executed_lines": [], "summary": {"covered_lines": 0, "num_statements": 3, "percent_covered": 0.0, "percent_covered_display": "0", "missing_lines": 3, "excluded_lines": 0}, "missing_lines": [92, 93, 95], "excluded_lines": []}, "CircuitBreaker._on_success": {"executed_lines": [], "summary": {"covered_lines": 0, "num_statements": 4, "percent_covered": 0.0, "percent_covered_display": "0", "missing_lines": 4, "excluded_lines": 0}, "missing_lines": [99, 100, 101, 103], "excluded_lines": []}, "CircuitBreaker._on_failure": {"executed_lines": [], "summary": {"covered_lines": 0, "num_statements": 6, "percent_covered": 0.0, "percent_covered_display": "0", "missing_lines": 6, "excluded_lines": 0}, "missing_lines": [107, 108, 110, 111, 112, 113], "excluded_lines": []}, "RetryManager.__init__": {"executed_lines": [], "summary": {"covered_lines": 0, "num_statements": 1, "percent_covered": 0.0, "percent_covered_display": "0", "missing_lines": 1, "excluded_lines": 0}, "missing_lines": [121], "excluded_lines": []}, "RetryManager.get_circuit_breaker": {"executed_lines": [], "summary": {"covered_lines": 0, "num_statements": 3, "percent_covered": 0.0, "percent_covered_display": "0", "missing_lines": 3, "excluded_lines": 0}, "missing_lines": [132, 133, 135], "excluded_lines": []}, "RetryManager.retry_with_backoff": {"executed_lines": [], "summary": {"covered_lines": 0, "num_statements": 1, "percent_covered": 0.0, "percent_covered_display": "0", "missing_lines": 1, "excluded_lines": 0}, "missing_lines": [155], "excluded_lines": []}, "RetryManager.retry_on_rate_limit": {"executed_lines": [], "summary": {"covered_lines": 0, "num_statements": 1, "percent_covered": 0.0, "percent_covered_display": "0", "missing_lines": 1, "excluded_lines": 0}, "missing_lines": [185], "excluded_lines": []}, "RetryManager.execute_with_retry": {"executed_lines": [], "summary": {"covered_lines": 0, "num_statements": 6, "percent_covered": 0.0, "percent_covered_display": "0", "missing_lines": 6, "excluded_lines": 0}, "missing_lines": [218, 219, 220, 223, 224, 227], "excluded_lines": []}, "RateLimiter.__init__": {"executed_lines": [], "summary": {"covered_lines": 0, "num_statements": 4, "percent_covered": 0.0, "percent_covered_display": "0", "missing_lines": 4, "excluded_lines": 0}, "missing_lines": [240, 241, 242, 243], "excluded_lines": []}, "RateLimiter.acquire": {"executed_lines": [], "summary": {"covered_lines": 0, "num_statements": 10, "percent_covered": 0.0, "percent_covered_display": "0", "missing_lines": 10, "excluded_lines": 0}, "missing_lines": [251, 252, 255, 258, 259, 260, 262, 263, 266, 269], "excluded_lines": []}, "RateLimiter.__aenter__": {"executed_lines": [], "summary": {"covered_lines": 0, "num_statements": 2, "percent_covered": 0.0, "percent_covered_display": "0", "missing_lines": 2, "excluded_lines": 0}, "missing_lines": [273, 274], "excluded_lines": []}, "RateLimiter.__aexit__": {"executed_lines": [], "summary": {"covered_lines": 0, "num_statements": 1, "percent_covered": 0.0, "percent_covered_display": "0", "missing_lines": 1, "excluded_lines": 0}, "missing_lines": [278], "excluded_lines": []}, "with_retry": {"executed_lines": [], "summary": {"covered_lines": 0, "num_statements": 3, "percent_covered": 0.0, "percent_covered_display": "0", "missing_lines": 3, "excluded_lines": 0}, "missing_lines": [296, 297, 303], "excluded_lines": []}, "with_retry.decorator": {"executed_lines": [], "summary": {"covered_lines": 0, "num_statements": 2, "percent_covered": 0.0, "percent_covered_display": "0", "missing_lines": 2, "excluded_lines": 0}, "missing_lines": [298, 302], "excluded_lines": []}, "with_retry.decorator.wrapper": {"executed_lines": [], "summary": {"covered_lines": 0, "num_statements": 1, "percent_covered": 0.0, "percent_covered_display": "0", "missing_lines": 1, "excluded_lines": 0}, "missing_lines": [299], "excluded_lines": []}, "with_rate_limit": {"executed_lines": [], "summary": {"covered_lines": 0, "num_statements": 4, "percent_covered": 0.0, "percent_covered_display": "0", "missing_lines": 4, "excluded_lines": 0}, "missing_lines": [316, 318, 319, 324], "excluded_lines": []}, "with_rate_limit.decorator": {"executed_lines": [], "summary": {"covered_lines": 0, "num_statements": 2, "percent_covered": 0.0, "percent_covered_display": "0", "missing_lines": 2, "excluded_lines": 0}, "missing_lines": [320, 323], "excluded_lines": []}, "with_rate_limit.decorator.wrapper": {"executed_lines": [], "summary": {"covered_lines": 0, "num_statements": 2, "percent_covered": 0.0, "percent_covered_display": "0", "missing_lines": 2, "excluded_lines": 0}, "missing_lines": [321, 322], "excluded_lines": []}, "": {"executed_lines": [], "summary": {"covered_lines": 0, "num_statements": 36, "percent_covered": 0.0, "percent_covered_display": "0", "missing_lines": 36, "excluded_lines": 0}, "missing_lines": [3, 4, 5, 6, 7, 8, 10, 11, 19, 22, 24, 25, 26, 29, 32, 53, 60, 90, 97, 105, 116, 119, 123, 137, 138, 174, 175, 197, 230, 233, 245, 271, 276, 282, 286, 306], "excluded_lines": []}}, "classes": {"CircuitState": {"executed_lines": [], "summary": {"covered_lines": 0, "num_statements": 0, "percent_covered": 100.0, "percent_covered_display": "100", "missing_lines": 0, "excluded_lines": 0}, "missing_lines": [], "excluded_lines": []}, "CircuitBreaker": {"executed_lines": [], "summary": {"covered_lines": 0, "num_statements": 35, "percent_covered": 0.0, "percent_covered_display": "0", "missing_lines": 35, "excluded_lines": 0}, "missing_lines": [45, 46, 47, 49, 50, 51, 55, 56, 57, 58, 74, 75, 76, 77, 79, 81, 82, 83, 84, 86, 87, 88, 92, 93, 95, 99, 100, 101, 103, 107, 108, 110, 111, 112, 113], "excluded_lines": []}, "RetryManager": {"executed_lines": [], "summary": {"covered_lines": 0, "num_statements": 12, "percent_covered": 0.0, "percent_covered_display": "0", "missing_lines": 12, "excluded_lines": 0}, "missing_lines": [121, 132, 133, 135, 155, 185, 218, 219, 220, 223, 224, 227], "excluded_lines": []}, "RateLimiter": {"executed_lines": [], "summary": {"covered_lines": 0, "num_statements": 17, "percent_covered": 0.0, "percent_covered_display": "0", "missing_lines": 17, "excluded_lines": 0}, "missing_lines": [240, 241, 242, 243, 251, 252, 255, 258, 259, 260, 262, 263, 266, 269, 273, 274, 278], "excluded_lines": []}, "": {"executed_lines": [], "summary": {"covered_lines": 0, "num_statements": 50, "percent_covered": 0.0, "percent_covered_display": "0", "missing_lines": 50, "excluded_lines": 0}, "missing_lines": [3, 4, 5, 6, 7, 8, 10, 11, 19, 22, 24, 25, 26, 29, 32, 53, 60, 90, 97, 105, 116, 119, 123, 137, 138, 174, 175, 197, 230, 233, 245, 271, 276, 282, 286, 296, 297, 298, 299, 302, 303, 306, 316, 318, 319, 320, 321, 322, 323, 324], "excluded_lines": []}}}, "src\\auto_scrape\\utils\\transformers.py": {"executed_lines": [1, 3, 4, 5, 6, 8, 11, 12, 14, 16, 34, 44, 45, 46, 47, 49, 50, 51, 53, 54, 59, 68, 72, 89, 90, 91, 92, 93, 95, 96, 98, 99, 101, 106, 110, 112, 121, 125, 129, 130, 131, 134, 135, 136, 137, 140, 141, 143, 147, 156, 159, 160, 161, 162, 166, 168, 177, 181, 184, 186, 188, 197, 201, 208, 209, 210, 211, 212, 213, 214, 215, 217, 219, 220, 221, 222, 224, 226, 235, 238, 240, 249, 253, 256, 265, 266, 268, 270, 279, 282, 283, 285, 287, 296, 300, 303, 309, 310, 311, 312, 314, 316, 333, 342, 345, 347, 356, 359, 361, 370, 373, 375, 384, 387, 389, 398, 401], "summary": {"covered_lines": 115, "num_statements": 143, "percent_covered": 80.41958041958041, "percent_covered_display": "80", "missing_lines": 28, "excluded_lines": 0}, "missing_lines": [55, 56, 57, 69, 104, 107, 108, 122, 145, 157, 163, 164, 178, 198, 236, 250, 280, 297, 325, 326, 328, 329, 331, 343, 357, 371, 385, 399], "excluded_lines": [], "functions": {"DataTransformer.__init__": {"executed_lines": [16], "summary": {"covered_lines": 1, "num_statements": 1, "percent_covered": 100.0, "percent_covered_display": "100", "missing_lines": 0, "excluded_lines": 0}, "missing_lines": [], "excluded_lines": []}, "DataTransformer.transform": {"executed_lines": [44, 45, 46, 47, 49, 50, 51, 53, 54], "summary": {"covered_lines": 9, "num_statements": 12, "percent_covered": 75.0, "percent_covered_display": "75", "missing_lines": 3, "excluded_lines": 0}, "missing_lines": [55, 56, 57], "excluded_lines": []}, "DataTransformer._extract_price": {"executed_lines": [68, 72, 89, 90, 91, 92, 93, 95, 96, 98, 99, 101, 106, 110], "summary": {"covered_lines": 14, "num_statements": 18, "percent_covered": 77.77777777777777, "percent_covered_display": "78", "missing_lines": 4, "excluded_lines": 0}, "missing_lines": [69, 104, 107, 108], "excluded_lines": []}, "DataTransformer._extract_rating": {"executed_lines": [121, 125, 129, 130, 131, 134, 135, 136, 137, 140, 141, 143], "summary": {"covered_lines": 12, "num_statements": 14, "percent_covered": 85.71428571428571, "percent_covered_display": "86", "missing_lines": 2, "excluded_lines": 0}, "missing_lines": [122, 145], "excluded_lines": []}, "DataTransformer._extract_number": {"executed_lines": [156, 159, 160, 161, 162, 166], "summary": {"covered_lines": 6, "num_statements": 9, "percent_covered": 66.66666666666667, "percent_covered_display": "67", "missing_lines": 3, "excluded_lines": 0}, "missing_lines": [157, 163, 164], "excluded_lines": []}, "DataTransformer._clean_text": {"executed_lines": [177, 181, 184, 186], "summary": {"covered_lines": 4, "num_statements": 5, "percent_covered": 80.0, "percent_covered_display": "80", "missing_lines": 1, "excluded_lines": 0}, "missing_lines": [178], "excluded_lines": []}, "DataTransformer._extract_date": {"executed_lines": [197, 201, 208, 209, 210, 211, 212, 213, 214, 215, 217, 219, 220, 221, 222, 224], "summary": {"covered_lines": 16, "num_statements": 17, "percent_covered": 94.11764705882354, "percent_covered_display": "94", "missing_lines": 1, "excluded_lines": 0}, "missing_lines": [198], "excluded_lines": []}, "DataTransformer._normalize_whitespace": {"executed_lines": [235, 238], "summary": {"covered_lines": 2, "num_statements": 3, "percent_covered": 66.66666666666667, "percent_covered_display": "67", "missing_lines": 1, "excluded_lines": 0}, "missing_lines": [236], "excluded_lines": []}, "DataTransformer._remove_html": {"executed_lines": [249, 253, 256, 265, 266, 268], "summary": {"covered_lines": 6, "num_statements": 7, "percent_covered": 85.71428571428571, "percent_covered_display": "86", "missing_lines": 1, "excluded_lines": 0}, "missing_lines": [250], "excluded_lines": []}, "DataTransformer._extract_email": {"executed_lines": [279, 282, 283, 285], "summary": {"covered_lines": 4, "num_statements": 5, "percent_covered": 80.0, "percent_covered_display": "80", "missing_lines": 1, "excluded_lines": 0}, "missing_lines": [280], "excluded_lines": []}, "DataTransformer._extract_phone": {"executed_lines": [296, 300, 303, 309, 310, 311, 312, 314], "summary": {"covered_lines": 8, "num_statements": 9, "percent_covered": 88.88888888888889, "percent_covered_display": "89", "missing_lines": 1, "excluded_lines": 0}, "missing_lines": [297], "excluded_lines": []}, "DataTransformer._extract_url": {"executed_lines": [], "summary": {"covered_lines": 0, "num_statements": 5, "percent_covered": 0.0, "percent_covered_display": "0", "missing_lines": 5, "excluded_lines": 0}, "missing_lines": [325, 326, 328, 329, 331], "excluded_lines": []}, "DataTransformer._title_case": {"executed_lines": [342, 345], "summary": {"covered_lines": 2, "num_statements": 3, "percent_covered": 66.66666666666667, "percent_covered_display": "67", "missing_lines": 1, "excluded_lines": 0}, "missing_lines": [343], "excluded_lines": []}, "DataTransformer._upper_case": {"executed_lines": [356, 359], "summary": {"covered_lines": 2, "num_statements": 3, "percent_covered": 66.66666666666667, "percent_covered_display": "67", "missing_lines": 1, "excluded_lines": 0}, "missing_lines": [357], "excluded_lines": []}, "DataTransformer._lower_case": {"executed_lines": [370, 373], "summary": {"covered_lines": 2, "num_statements": 3, "percent_covered": 66.66666666666667, "percent_covered_display": "67", "missing_lines": 1, "excluded_lines": 0}, "missing_lines": [371], "excluded_lines": []}, "DataTransformer._trim": {"executed_lines": [384, 387], "summary": {"covered_lines": 2, "num_statements": 3, "percent_covered": 66.66666666666667, "percent_covered_display": "67", "missing_lines": 1, "excluded_lines": 0}, "missing_lines": [385], "excluded_lines": []}, "DataTransformer._extract_digits": {"executed_lines": [398, 401], "summary": {"covered_lines": 2, "num_statements": 3, "percent_covered": 66.66666666666667, "percent_covered_display": "67", "missing_lines": 1, "excluded_lines": 0}, "missing_lines": [399], "excluded_lines": []}, "": {"executed_lines": [1, 3, 4, 5, 6, 8, 11, 12, 14, 34, 59, 112, 147, 168, 188, 226, 240, 270, 287, 316, 333, 347, 361, 375, 389], "summary": {"covered_lines": 23, "num_statements": 23, "percent_covered": 100.0, "percent_covered_display": "100", "missing_lines": 0, "excluded_lines": 0}, "missing_lines": [], "excluded_lines": []}}, "classes": {"DataTransformer": {"executed_lines": [16, 44, 45, 46, 47, 49, 50, 51, 53, 54, 68, 72, 89, 90, 91, 92, 93, 95, 96, 98, 99, 101, 106, 110, 121, 125, 129, 130, 131, 134, 135, 136, 137, 140, 141, 143, 156, 159, 160, 161, 162, 166, 177, 181, 184, 186, 197, 201, 208, 209, 210, 211, 212, 213, 214, 215, 217, 219, 220, 221, 222, 224, 235, 238, 249, 253, 256, 265, 266, 268, 279, 282, 283, 285, 296, 300, 303, 309, 310, 311, 312, 314, 342, 345, 356, 359, 370, 373, 384, 387, 398, 401], "summary": {"covered_lines": 92, "num_statements": 120, "percent_covered": 76.66666666666667, "percent_covered_display": "77", "missing_lines": 28, "excluded_lines": 0}, "missing_lines": [55, 56, 57, 69, 104, 107, 108, 122, 145, 157, 163, 164, 178, 198, 236, 250, 280, 297, 325, 326, 328, 329, 331, 343, 357, 371, 385, 399], "excluded_lines": []}, "": {"executed_lines": [1, 3, 4, 5, 6, 8, 11, 12, 14, 34, 59, 112, 147, 168, 188, 226, 240, 270, 287, 316, 333, 347, 361, 375, 389], "summary": {"covered_lines": 23, "num_statements": 23, "percent_covered": 100.0, "percent_covered_display": "100", "missing_lines": 0, "excluded_lines": 0}, "missing_lines": [], "excluded_lines": []}}}, "src\\auto_scrape\\utils\\validators.py": {"executed_lines": [1, 3, 4, 5, 7, 10, 11, 13, 28, 68, 124, 167, 185, 207, 232, 255, 295, 329, 357, 382, 407, 440], "summary": {"covered_lines": 20, "num_statements": 148, "percent_covered": 13.513513513513514, "percent_covered_display": "14", "missing_lines": 128, "excluded_lines": 0}, "missing_lines": [15, 42, 49, 50, 51, 54, 56, 57, 58, 62, 66, 82, 93, 94, 95, 96, 98, 99, 101, 103, 104, 107, 108, 109, 110, 113, 117, 122, 138, 144, 145, 146, 148, 149, 150, 152, 153, 155, 156, 157, 159, 161, 162, 163, 165, 177, 179, 195, 196, 198, 199, 201, 217, 218, 220, 221, 222, 223, 224, 226, 242, 243, 246, 247, 249, 265, 266, 268, 269, 270, 271, 273, 274, 276, 277, 279, 280, 282, 288, 289, 306, 308, 309, 310, 311, 314, 315, 316, 317, 318, 319, 320, 322, 324, 325, 327, 339, 340, 343, 349, 351, 367, 368, 370, 371, 372, 374, 392, 393, 395, 396, 397, 399, 417, 418, 420, 421, 422, 424, 425, 426, 433, 434, 454, 456, 457, 459, 467], "excluded_lines": [], "functions": {"DataValidator.__init__": {"executed_lines": [], "summary": {"covered_lines": 0, "num_statements": 1, "percent_covered": 0.0, "percent_covered_display": "0", "missing_lines": 1, "excluded_lines": 0}, "missing_lines": [15], "excluded_lines": []}, "DataValidator.validate_item": {"executed_lines": [], "summary": {"covered_lines": 0, "num_statements": 10, "percent_covered": 0.0, "percent_covered_display": "0", "missing_lines": 10, "excluded_lines": 0}, "missing_lines": [42, 49, 50, 51, 54, 56, 57, 58, 62, 66], "excluded_lines": []}, "DataValidator.validate_batch": {"executed_lines": [], "summary": {"covered_lines": 0, "num_statements": 17, "percent_covered": 0.0, "percent_covered_display": "0", "missing_lines": 17, "excluded_lines": 0}, "missing_lines": [82, 93, 94, 95, 96, 98, 99, 101, 103, 104, 107, 108, 109, 110, 113, 117, 122], "excluded_lines": []}, "DataValidator._validate_field": {"executed_lines": [], "summary": {"covered_lines": 0, "num_statements": 17, "percent_covered": 0.0, "percent_covered_display": "0", "missing_lines": 17, "excluded_lines": 0}, "missing_lines": [138, 144, 145, 146, 148, 149, 150, 152, 153, 155, 156, 157, 159, 161, 162, 163, 165], "excluded_lines": []}, "DataValidator._validate_required": {"executed_lines": [], "summary": {"covered_lines": 0, "num_statements": 2, "percent_covered": 0.0, "percent_covered_display": "0", "missing_lines": 2, "excluded_lines": 0}, "missing_lines": [177, 179], "excluded_lines": []}, "DataValidator._validate_email": {"executed_lines": [], "summary": {"covered_lines": 0, "num_statements": 5, "percent_covered": 0.0, "percent_covered_display": "0", "missing_lines": 5, "excluded_lines": 0}, "missing_lines": [195, 196, 198, 199, 201], "excluded_lines": []}, "DataValidator._validate_url": {"executed_lines": [], "summary": {"covered_lines": 0, "num_statements": 8, "percent_covered": 0.0, "percent_covered_display": "0", "missing_lines": 8, "excluded_lines": 0}, "missing_lines": [217, 218, 220, 221, 222, 223, 224, 226], "excluded_lines": []}, "DataValidator._validate_phone": {"executed_lines": [], "summary": {"covered_lines": 0, "num_statements": 5, "percent_covered": 0.0, "percent_covered_display": "0", "missing_lines": 5, "excluded_lines": 0}, "missing_lines": [242, 243, 246, 247, 249], "excluded_lines": []}, "DataValidator._validate_number": {"executed_lines": [], "summary": {"covered_lines": 0, "num_statements": 15, "percent_covered": 0.0, "percent_covered_display": "0", "missing_lines": 15, "excluded_lines": 0}, "missing_lines": [265, 266, 268, 269, 270, 271, 273, 274, 276, 277, 279, 280, 282, 288, 289], "excluded_lines": []}, "DataValidator._validate_price": {"executed_lines": [], "summary": {"covered_lines": 0, "num_statements": 16, "percent_covered": 0.0, "percent_covered_display": "0", "missing_lines": 16, "excluded_lines": 0}, "missing_lines": [306, 308, 309, 310, 311, 314, 315, 316, 317, 318, 319, 320, 322, 324, 325, 327], "excluded_lines": []}, "DataValidator._validate_date": {"executed_lines": [], "summary": {"covered_lines": 0, "num_statements": 5, "percent_covered": 0.0, "percent_covered_display": "0", "missing_lines": 5, "excluded_lines": 0}, "missing_lines": [339, 340, 343, 349, 351], "excluded_lines": []}, "DataValidator._validate_min_length": {"executed_lines": [], "summary": {"covered_lines": 0, "num_statements": 6, "percent_covered": 0.0, "percent_covered_display": "0", "missing_lines": 6, "excluded_lines": 0}, "missing_lines": [367, 368, 370, 371, 372, 374], "excluded_lines": []}, "DataValidator._validate_max_length": {"executed_lines": [], "summary": {"covered_lines": 0, "num_statements": 6, "percent_covered": 0.0, "percent_covered_display": "0", "missing_lines": 6, "excluded_lines": 0}, "missing_lines": [392, 393, 395, 396, 397, 399], "excluded_lines": []}, "DataValidator._validate_regex": {"executed_lines": [], "summary": {"covered_lines": 0, "num_statements": 10, "percent_covered": 0.0, "percent_covered_display": "0", "missing_lines": 10, "excluded_lines": 0}, "missing_lines": [417, 418, 420, 421, 422, 424, 425, 426, 433, 434], "excluded_lines": []}, "DataValidator._calculate_field_statistics": {"executed_lines": [], "summary": {"covered_lines": 0, "num_statements": 5, "percent_covered": 0.0, "percent_covered_display": "0", "missing_lines": 5, "excluded_lines": 0}, "missing_lines": [454, 456, 457, 459, 467], "excluded_lines": []}, "": {"executed_lines": [1, 3, 4, 5, 7, 10, 11, 13, 28, 68, 124, 167, 185, 207, 232, 255, 295, 329, 357, 382, 407, 440], "summary": {"covered_lines": 20, "num_statements": 20, "percent_covered": 100.0, "percent_covered_display": "100", "missing_lines": 0, "excluded_lines": 0}, "missing_lines": [], "excluded_lines": []}}, "classes": {"DataValidator": {"executed_lines": [], "summary": {"covered_lines": 0, "num_statements": 128, "percent_covered": 0.0, "percent_covered_display": "0", "missing_lines": 128, "excluded_lines": 0}, "missing_lines": [15, 42, 49, 50, 51, 54, 56, 57, 58, 62, 66, 82, 93, 94, 95, 96, 98, 99, 101, 103, 104, 107, 108, 109, 110, 113, 117, 122, 138, 144, 145, 146, 148, 149, 150, 152, 153, 155, 156, 157, 159, 161, 162, 163, 165, 177, 179, 195, 196, 198, 199, 201, 217, 218, 220, 221, 222, 223, 224, 226, 242, 243, 246, 247, 249, 265, 266, 268, 269, 270, 271, 273, 274, 276, 277, 279, 280, 282, 288, 289, 306, 308, 309, 310, 311, 314, 315, 316, 317, 318, 319, 320, 322, 324, 325, 327, 339, 340, 343, 349, 351, 367, 368, 370, 371, 372, 374, 392, 393, 395, 396, 397, 399, 417, 418, 420, 421, 422, 424, 425, 426, 433, 434, 454, 456, 457, 459, 467], "excluded_lines": []}, "": {"executed_lines": [1, 3, 4, 5, 7, 10, 11, 13, 28, 68, 124, 167, 185, 207, 232, 255, 295, 329, 357, 382, 407, 440], "summary": {"covered_lines": 20, "num_statements": 20, "percent_covered": 100.0, "percent_covered_display": "100", "missing_lines": 0, "excluded_lines": 0}, "missing_lines": [], "excluded_lines": []}}}}, "totals": {"covered_lines": 773, "num_statements": 1405, "percent_covered": 55.01779359430605, "percent_covered_display": "55", "missing_lines": 632, "excluded_lines": 0}}